<?xml version="1.0" encoding="UTF-8"?>
<!-- Generated by org.testng.reporters.JUnitReportReporter -->
<testsuite hostname="yagna-Latitude-E5550" failures="0" tests="1" name="testng.ExceptionTimeOutTest" time="0.001" errors="0" timestamp="2022-06-27T01:02:11 IST" skipped="0">
  <testcase classname="testng.ExceptionTimeOutTest" name="infiniteLoopTest2" time="0.001"/>
  <system-out/>
</testsuite> <!-- testng.ExceptionTimeOutTest -->
