<?xml version="1.0" encoding="UTF-8"?>
<!-- Generated by org.testng.reporters.JUnitReportReporter -->
<testsuite hostname="yagna-Latitude-E5550" failures="0" tests="10" name="testng.InvocationCountTest" time="0.021" errors="0" timestamp="2022-06-27T01:02:11 IST" skipped="0">
  <testcase classname="testng.InvocationCountTest" name="googleTitleTest" time="0.006"/>
  <system-out/>
  <testcase classname="testng.InvocationCountTest" name="googleTitleTest" time="0.002"/>
  <system-out/>
  <testcase classname="testng.InvocationCountTest" name="googleTitleTest" time="0.001"/>
  <system-out/>
  <testcase classname="testng.InvocationCountTest" name="googleTitleTest" time="0.002"/>
  <system-out/>
  <testcase classname="testng.InvocationCountTest" name="googleTitleTest" time="0.001"/>
  <system-out/>
  <testcase classname="testng.InvocationCountTest" name="googleTitleTest" time="0.001"/>
  <system-out/>
  <testcase classname="testng.InvocationCountTest" name="googleTitleTest" time="0.004"/>
  <system-out/>
  <testcase classname="testng.InvocationCountTest" name="googleTitleTest" time="0.002"/>
  <system-out/>
  <testcase classname="testng.InvocationCountTest" name="googleTitleTest" time="0.001"/>
  <system-out/>
  <testcase classname="testng.InvocationCountTest" name="googleTitleTest" time="0.001"/>
  <system-out/>
</testsuite> <!-- testng.InvocationCountTest -->
