<?xml version="1.0" encoding="UTF-8"?>
<!-- Generated by org.testng.reporters.JUnitReportReporter -->
<testsuite hostname="yagna-Latitude-E5550" failures="0" tests="2" name="testng.testngBasics" time="0.004" errors="0" timestamp="2022-06-27T01:02:11 IST" skipped="0">
  <testcase classname="testng.testngBasics" name="searchTest" time="0.002"/>
  <system-out/>
  <testcase classname="testng.testngBasics" name="googleTitleTest" time="0.002"/>
  <system-out/>
</testsuite> <!-- testng.testngBasics -->
