<?xml version="1.0" encoding="UTF-8"?>
<!-- Generated by org.testng.reporters.JUnitReportReporter -->
<testsuite hostname="yagna-Latitude-E5550" failures="0" tests="2" name="testng.AssertionTest" time="109.144" errors="0" timestamp="2022-06-27T01:02:11 IST" skipped="0">
  <testcase classname="testng.AssertionTest" name="displayLogoTest" time="54.343"/>
  <system-out/>
  <testcase classname="testng.AssertionTest" name="displayTest" time="54.801"/>
  <system-out/>
</testsuite> <!-- testng.AssertionTest -->
