<?xml version="1.0" encoding="UTF-8"?>
<!-- Generated by org.testng.reporters.JUnitReportReporter -->
<testsuite hostname="yagna-Latitude-E5550" failures="0" tests="3" name="com.yagna.qa.tests.LoginPageTest" time="179.997" errors="0" timestamp="2022-07-03T22:45:42 IST" skipped="0">
  <testcase classname="com.yagna.qa.tests.LoginPageTest" name="loginPageTitleTest" time="60.053"/>
  <system-out/>
  <testcase classname="com.yagna.qa.tests.LoginPageTest" name="yagnaLogoTest" time="58.849"/>
  <system-out/>
  <testcase classname="com.yagna.qa.tests.LoginPageTest" name="loginTest" time="61.095"/>
  <system-out/>
</testsuite> <!-- com.yagna.qa.tests.LoginPageTest -->
