<?xml version="1.0" encoding="UTF-8"?>
<!-- Generated by org.testng.reporters.JUnitReportReporter -->
<testsuite hostname="yagna-Latitude-E5550" failures="0" tests="1" name="com.yagna.qa.tests.DashboardPageTest" time="69.399" errors="0" timestamp="2022-07-03T22:45:42 IST" skipped="0">
  <testcase classname="com.yagna.qa.tests.DashboardPageTest" name="validateDashboardPageTitle" time="69.399"/>
  <system-out/>
</testsuite> <!-- com.yagna.qa.tests.DashboardPageTest -->
